2013/12/04 15:02:25 [error] [exception.CHttpException.404] exception 'CHttpException' with message 'The system is unable to find the requested action "about".' in D:\Programming\Server\XAMPP\htdocs\PMTGateway\framework\web\CController.php:483
Stack trace:
#0 D:\Programming\Server\XAMPP\htdocs\PMTGateway\framework\web\CController.php(270): CController->missingAction('about')
#1 D:\Programming\Server\XAMPP\htdocs\PMTGateway\framework\web\CWebApplication.php(282): CController->run('about')
#2 D:\Programming\Server\XAMPP\htdocs\PMTGateway\framework\web\CWebApplication.php(141): CWebApplication->runController('site/about')
#3 D:\Programming\Server\XAMPP\htdocs\PMTGateway\framework\base\CApplication.php(180): CWebApplication->processRequest()
#4 D:\Programming\Server\XAMPP\htdocs\PMTGateway\index.php(13): CApplication->run()
#5 {main}
REQUEST_URI=/PMTGateway/index.php?r=site/about
HTTP_REFERER=http://localhost/PMTGateway/
---
2013/12/04 15:28:03 [error] [php] Declaration of MerchantController::beforeAction() should be compatible with CController::beforeAction($action) (D:\Programming\Server\XAMPP\htdocs\PMTGateway\protected\controllers\MerchantController.php:4)
Stack trace:
#0 D:\Programming\Server\XAMPP\htdocs\PMTGateway\framework\web\CWebApplication.php(141): CWebApplication->runController()
#1 D:\Programming\Server\XAMPP\htdocs\PMTGateway\framework\base\CApplication.php(180): CWebApplication->processRequest()
#2 D:\Programming\Server\XAMPP\htdocs\PMTGateway\index.php(13): CWebApplication->run()
REQUEST_URI=/PMTGateway/index.php?r=merchant/index
in D:\Programming\Server\XAMPP\htdocs\PMTGateway\protected\controllers\MerchantController.php (4)
in D:\Programming\Server\XAMPP\htdocs\PMTGateway\index.php (13)
2013/12/04 15:30:18 [error] [php] Declaration of MerchantController::beforeAction() should be compatible with CController::beforeAction($action) (D:\Programming\Server\XAMPP\htdocs\PMTGateway\protected\controllers\MerchantController.php:4)
Stack trace:
#0 D:\Programming\Server\XAMPP\htdocs\PMTGateway\framework\web\CWebApplication.php(141): CWebApplication->runController()
#1 D:\Programming\Server\XAMPP\htdocs\PMTGateway\framework\base\CApplication.php(180): CWebApplication->processRequest()
#2 D:\Programming\Server\XAMPP\htdocs\PMTGateway\index.php(13): CWebApplication->run()
REQUEST_URI=/PMTGateway/index.php?r=merchant/index
in D:\Programming\Server\XAMPP\htdocs\PMTGateway\protected\controllers\MerchantController.php (4)
in D:\Programming\Server\XAMPP\htdocs\PMTGateway\index.php (13)
2013/12/04 15:30:18 [error] [php] Declaration of MerchantController::beforeAction() should be compatible with CController::beforeAction($action) (D:\Programming\Server\XAMPP\htdocs\PMTGateway\protected\controllers\MerchantController.php:4)
Stack trace:
#0 D:\Programming\Server\XAMPP\htdocs\PMTGateway\framework\web\CWebApplication.php(141): CWebApplication->runController()
#1 D:\Programming\Server\XAMPP\htdocs\PMTGateway\framework\base\CApplication.php(180): CWebApplication->processRequest()
#2 D:\Programming\Server\XAMPP\htdocs\PMTGateway\index.php(13): CWebApplication->run()
REQUEST_URI=/PMTGateway/index.php?r=merchant/index
in D:\Programming\Server\XAMPP\htdocs\PMTGateway\protected\controllers\MerchantController.php (4)
in D:\Programming\Server\XAMPP\htdocs\PMTGateway\index.php (13)
2013/12/04 15:30:18 [error] [php] Declaration of MerchantController::beforeAction() should be compatible with CController::beforeAction($action) (D:\Programming\Server\XAMPP\htdocs\PMTGateway\protected\controllers\MerchantController.php:4)
Stack trace:
#0 D:\Programming\Server\XAMPP\htdocs\PMTGateway\framework\web\CWebApplication.php(141): CWebApplication->runController()
#1 D:\Programming\Server\XAMPP\htdocs\PMTGateway\framework\base\CApplication.php(180): CWebApplication->processRequest()
#2 D:\Programming\Server\XAMPP\htdocs\PMTGateway\index.php(13): CWebApplication->run()
REQUEST_URI=/PMTGateway/index.php?r=merchant/index
in D:\Programming\Server\XAMPP\htdocs\PMTGateway\protected\controllers\MerchantController.php (4)
in D:\Programming\Server\XAMPP\htdocs\PMTGateway\index.php (13)
2013/12/04 16:34:43 [error] [php] Undefined variable: dataReader (D:\Programming\Server\XAMPP\htdocs\PMTGateway\protected\controllers\MerchantController.php:33)
Stack trace:
#0 D:\Programming\Server\XAMPP\htdocs\PMTGateway\framework\web\CController.php(286): MerchantController->runAction()
#1 D:\Programming\Server\XAMPP\htdocs\PMTGateway\framework\web\CController.php(265): MerchantController->runActionWithFilters()
#2 D:\Programming\Server\XAMPP\htdocs\PMTGateway\framework\web\CWebApplication.php(282): MerchantController->run()
#3 D:\Programming\Server\XAMPP\htdocs\PMTGateway\framework\web\CWebApplication.php(141): CWebApplication->runController()
#4 D:\Programming\Server\XAMPP\htdocs\PMTGateway\framework\base\CApplication.php(180): CWebApplication->processRequest()
#5 D:\Programming\Server\XAMPP\htdocs\PMTGateway\index.php(13): CWebApplication->run()
REQUEST_URI=/PMTGateway/index.php?r=merchant/index
in D:\Programming\Server\XAMPP\htdocs\PMTGateway\protected\controllers\MerchantController.php (33)
in D:\Programming\Server\XAMPP\htdocs\PMTGateway\index.php (13)
2013/12/04 16:35:27 [error] [php] Undefined variable: merchant (D:\Programming\Server\XAMPP\htdocs\PMTGateway\protected\views\merchant\index.php:12)
Stack trace:
#0 D:\Programming\Server\XAMPP\htdocs\PMTGateway\framework\web\CController.php(869): MerchantController->renderFile()
#1 D:\Programming\Server\XAMPP\htdocs\PMTGateway\framework\web\CController.php(782): MerchantController->renderPartial()
#2 D:\Programming\Server\XAMPP\htdocs\PMTGateway\protected\controllers\MerchantController.php(41): MerchantController->render()
#3 D:\Programming\Server\XAMPP\htdocs\PMTGateway\framework\web\actions\CInlineAction.php(49): MerchantController->actionIndex()
#4 D:\Programming\Server\XAMPP\htdocs\PMTGateway\framework\web\CController.php(308): CInlineAction->runWithParams()
#5 D:\Programming\Server\XAMPP\htdocs\PMTGateway\framework\web\CController.php(286): MerchantController->runAction()
#6 D:\Programming\Server\XAMPP\htdocs\PMTGateway\framework\web\CController.php(265): MerchantController->runActionWithFilters()
#7 D:\Programming\Server\XAMPP\htdocs\PMTGateway\framework\web\CWebApplication.php(282): MerchantController->run()
#8 D:\Programming\Server\XAMPP\htdocs\PMTGateway\framework\web\CWebApplication.php(141): CWebApplication->runController()
#9 D:\Programming\Server\XAMPP\htdocs\PMTGateway\framework\base\CApplication.php(180): CWebApplication->processRequest()
#10 D:\Programming\Server\XAMPP\htdocs\PMTGateway\index.php(13): CWebApplication->run()
REQUEST_URI=/PMTGateway/index.php?r=merchant/index
in D:\Programming\Server\XAMPP\htdocs\PMTGateway\protected\views\merchant\index.php (12)
in D:\Programming\Server\XAMPP\htdocs\PMTGateway\protected\controllers\MerchantController.php (41)
in D:\Programming\Server\XAMPP\htdocs\PMTGateway\index.php (13)
2013/12/04 16:35:28 [error] [php] Undefined variable: merchant (D:\Programming\Server\XAMPP\htdocs\PMTGateway\protected\views\merchant\index.php:12)
Stack trace:
#0 D:\Programming\Server\XAMPP\htdocs\PMTGateway\framework\web\CController.php(869): MerchantController->renderFile()
#1 D:\Programming\Server\XAMPP\htdocs\PMTGateway\framework\web\CController.php(782): MerchantController->renderPartial()
#2 D:\Programming\Server\XAMPP\htdocs\PMTGateway\protected\controllers\MerchantController.php(41): MerchantController->render()
#3 D:\Programming\Server\XAMPP\htdocs\PMTGateway\framework\web\actions\CInlineAction.php(49): MerchantController->actionIndex()
#4 D:\Programming\Server\XAMPP\htdocs\PMTGateway\framework\web\CController.php(308): CInlineAction->runWithParams()
#5 D:\Programming\Server\XAMPP\htdocs\PMTGateway\framework\web\CController.php(286): MerchantController->runAction()
#6 D:\Programming\Server\XAMPP\htdocs\PMTGateway\framework\web\CController.php(265): MerchantController->runActionWithFilters()
#7 D:\Programming\Server\XAMPP\htdocs\PMTGateway\framework\web\CWebApplication.php(282): MerchantController->run()
#8 D:\Programming\Server\XAMPP\htdocs\PMTGateway\framework\web\CWebApplication.php(141): CWebApplication->runController()
#9 D:\Programming\Server\XAMPP\htdocs\PMTGateway\framework\base\CApplication.php(180): CWebApplication->processRequest()
#10 D:\Programming\Server\XAMPP\htdocs\PMTGateway\index.php(13): CWebApplication->run()
REQUEST_URI=/PMTGateway/index.php?r=merchant/index
in D:\Programming\Server\XAMPP\htdocs\PMTGateway\protected\views\merchant\index.php (12)
in D:\Programming\Server\XAMPP\htdocs\PMTGateway\protected\controllers\MerchantController.php (41)
in D:\Programming\Server\XAMPP\htdocs\PMTGateway\index.php (13)
2013/12/04 16:35:29 [error] [php] Undefined variable: merchant (D:\Programming\Server\XAMPP\htdocs\PMTGateway\protected\views\merchant\index.php:12)
Stack trace:
#0 D:\Programming\Server\XAMPP\htdocs\PMTGateway\framework\web\CController.php(869): MerchantController->renderFile()
#1 D:\Programming\Server\XAMPP\htdocs\PMTGateway\framework\web\CController.php(782): MerchantController->renderPartial()
#2 D:\Programming\Server\XAMPP\htdocs\PMTGateway\protected\controllers\MerchantController.php(41): MerchantController->render()
#3 D:\Programming\Server\XAMPP\htdocs\PMTGateway\framework\web\actions\CInlineAction.php(49): MerchantController->actionIndex()
#4 D:\Programming\Server\XAMPP\htdocs\PMTGateway\framework\web\CController.php(308): CInlineAction->runWithParams()
#5 D:\Programming\Server\XAMPP\htdocs\PMTGateway\framework\web\CController.php(286): MerchantController->runAction()
#6 D:\Programming\Server\XAMPP\htdocs\PMTGateway\framework\web\CController.php(265): MerchantController->runActionWithFilters()
#7 D:\Programming\Server\XAMPP\htdocs\PMTGateway\framework\web\CWebApplication.php(282): MerchantController->run()
#8 D:\Programming\Server\XAMPP\htdocs\PMTGateway\framework\web\CWebApplication.php(141): CWebApplication->runController()
#9 D:\Programming\Server\XAMPP\htdocs\PMTGateway\framework\base\CApplication.php(180): CWebApplication->processRequest()
#10 D:\Programming\Server\XAMPP\htdocs\PMTGateway\index.php(13): CWebApplication->run()
REQUEST_URI=/PMTGateway/index.php?r=merchant/index
in D:\Programming\Server\XAMPP\htdocs\PMTGateway\protected\views\merchant\index.php (12)
in D:\Programming\Server\XAMPP\htdocs\PMTGateway\protected\controllers\MerchantController.php (41)
in D:\Programming\Server\XAMPP\htdocs\PMTGateway\index.php (13)
2013/12/04 16:43:43 [error] [php] Trying to get property of non-object (D:\Programming\Server\XAMPP\htdocs\PMTGateway\protected\views\merchant\index.php:14)
Stack trace:
#0 D:\Programming\Server\XAMPP\htdocs\PMTGateway\framework\web\CController.php(869): MerchantController->renderFile()
#1 D:\Programming\Server\XAMPP\htdocs\PMTGateway\framework\web\CController.php(782): MerchantController->renderPartial()
#2 D:\Programming\Server\XAMPP\htdocs\PMTGateway\protected\controllers\MerchantController.php(41): MerchantController->render()
#3 D:\Programming\Server\XAMPP\htdocs\PMTGateway\framework\web\actions\CInlineAction.php(49): MerchantController->actionIndex()
#4 D:\Programming\Server\XAMPP\htdocs\PMTGateway\framework\web\CController.php(308): CInlineAction->runWithParams()
#5 D:\Programming\Server\XAMPP\htdocs\PMTGateway\framework\web\CController.php(286): MerchantController->runAction()
#6 D:\Programming\Server\XAMPP\htdocs\PMTGateway\framework\web\CController.php(265): MerchantController->runActionWithFilters()
#7 D:\Programming\Server\XAMPP\htdocs\PMTGateway\framework\web\CWebApplication.php(282): MerchantController->run()
#8 D:\Programming\Server\XAMPP\htdocs\PMTGateway\framework\web\CWebApplication.php(141): CWebApplication->runController()
#9 D:\Programming\Server\XAMPP\htdocs\PMTGateway\framework\base\CApplication.php(180): CWebApplication->processRequest()
#10 D:\Programming\Server\XAMPP\htdocs\PMTGateway\index.php(13): CWebApplication->run()
REQUEST_URI=/PMTGateway/index.php?r=merchant/index
in D:\Programming\Server\XAMPP\htdocs\PMTGateway\protected\views\merchant\index.php (14)
in D:\Programming\Server\XAMPP\htdocs\PMTGateway\protected\controllers\MerchantController.php (41)
in D:\Programming\Server\XAMPP\htdocs\PMTGateway\index.php (13)
2013/12/04 16:43:44 [error] [php] Trying to get property of non-object (D:\Programming\Server\XAMPP\htdocs\PMTGateway\protected\views\merchant\index.php:14)
Stack trace:
#0 D:\Programming\Server\XAMPP\htdocs\PMTGateway\framework\web\CController.php(869): MerchantController->renderFile()
#1 D:\Programming\Server\XAMPP\htdocs\PMTGateway\framework\web\CController.php(782): MerchantController->renderPartial()
#2 D:\Programming\Server\XAMPP\htdocs\PMTGateway\protected\controllers\MerchantController.php(41): MerchantController->render()
#3 D:\Programming\Server\XAMPP\htdocs\PMTGateway\framework\web\actions\CInlineAction.php(49): MerchantController->actionIndex()
#4 D:\Programming\Server\XAMPP\htdocs\PMTGateway\framework\web\CController.php(308): CInlineAction->runWithParams()
#5 D:\Programming\Server\XAMPP\htdocs\PMTGateway\framework\web\CController.php(286): MerchantController->runAction()
#6 D:\Programming\Server\XAMPP\htdocs\PMTGateway\framework\web\CController.php(265): MerchantController->runActionWithFilters()
#7 D:\Programming\Server\XAMPP\htdocs\PMTGateway\framework\web\CWebApplication.php(282): MerchantController->run()
#8 D:\Programming\Server\XAMPP\htdocs\PMTGateway\framework\web\CWebApplication.php(141): CWebApplication->runController()
#9 D:\Programming\Server\XAMPP\htdocs\PMTGateway\framework\base\CApplication.php(180): CWebApplication->processRequest()
#10 D:\Programming\Server\XAMPP\htdocs\PMTGateway\index.php(13): CWebApplication->run()
REQUEST_URI=/PMTGateway/index.php?r=merchant/index
in D:\Programming\Server\XAMPP\htdocs\PMTGateway\protected\views\merchant\index.php (14)
in D:\Programming\Server\XAMPP\htdocs\PMTGateway\protected\controllers\MerchantController.php (41)
in D:\Programming\Server\XAMPP\htdocs\PMTGateway\index.php (13)
2013/12/04 16:53:10 [error] [php] Use of undefined constant i - assumed 'i' (D:\Programming\Server\XAMPP\htdocs\PMTGateway\protected\views\merchant\index.php:14)
Stack trace:
#0 D:\Programming\Server\XAMPP\htdocs\PMTGateway\framework\web\CController.php(869): MerchantController->renderFile()
#1 D:\Programming\Server\XAMPP\htdocs\PMTGateway\framework\web\CController.php(782): MerchantController->renderPartial()
#2 D:\Programming\Server\XAMPP\htdocs\PMTGateway\protected\controllers\MerchantController.php(41): MerchantController->render()
#3 D:\Programming\Server\XAMPP\htdocs\PMTGateway\framework\web\actions\CInlineAction.php(49): MerchantController->actionIndex()
#4 D:\Programming\Server\XAMPP\htdocs\PMTGateway\framework\web\CController.php(308): CInlineAction->runWithParams()
#5 D:\Programming\Server\XAMPP\htdocs\PMTGateway\framework\web\CController.php(286): MerchantController->runAction()
#6 D:\Programming\Server\XAMPP\htdocs\PMTGateway\framework\web\CController.php(265): MerchantController->runActionWithFilters()
#7 D:\Programming\Server\XAMPP\htdocs\PMTGateway\framework\web\CWebApplication.php(282): MerchantController->run()
#8 D:\Programming\Server\XAMPP\htdocs\PMTGateway\framework\web\CWebApplication.php(141): CWebApplication->runController()
#9 D:\Programming\Server\XAMPP\htdocs\PMTGateway\framework\base\CApplication.php(180): CWebApplication->processRequest()
#10 D:\Programming\Server\XAMPP\htdocs\PMTGateway\index.php(13): CWebApplication->run()
REQUEST_URI=/PMTGateway/index.php?r=merchant/index
in D:\Programming\Server\XAMPP\htdocs\PMTGateway\protected\views\merchant\index.php (14)
in D:\Programming\Server\XAMPP\htdocs\PMTGateway\protected\controllers\MerchantController.php (41)
in D:\Programming\Server\XAMPP\htdocs\PMTGateway\index.php (13)
2013/12/04 16:57:02 [error] [php] Undefined variable: merchat (D:\Programming\Server\XAMPP\htdocs\PMTGateway\protected\views\merchant\index.php:14)
Stack trace:
#0 D:\Programming\Server\XAMPP\htdocs\PMTGateway\framework\web\CController.php(869): MerchantController->renderFile()
#1 D:\Programming\Server\XAMPP\htdocs\PMTGateway\framework\web\CController.php(782): MerchantController->renderPartial()
#2 D:\Programming\Server\XAMPP\htdocs\PMTGateway\protected\controllers\MerchantController.php(41): MerchantController->render()
#3 D:\Programming\Server\XAMPP\htdocs\PMTGateway\framework\web\actions\CInlineAction.php(49): MerchantController->actionIndex()
#4 D:\Programming\Server\XAMPP\htdocs\PMTGateway\framework\web\CController.php(308): CInlineAction->runWithParams()
#5 D:\Programming\Server\XAMPP\htdocs\PMTGateway\framework\web\CController.php(286): MerchantController->runAction()
#6 D:\Programming\Server\XAMPP\htdocs\PMTGateway\framework\web\CController.php(265): MerchantController->runActionWithFilters()
#7 D:\Programming\Server\XAMPP\htdocs\PMTGateway\framework\web\CWebApplication.php(282): MerchantController->run()
#8 D:\Programming\Server\XAMPP\htdocs\PMTGateway\framework\web\CWebApplication.php(141): CWebApplication->runController()
#9 D:\Programming\Server\XAMPP\htdocs\PMTGateway\framework\base\CApplication.php(180): CWebApplication->processRequest()
#10 D:\Programming\Server\XAMPP\htdocs\PMTGateway\index.php(13): CWebApplication->run()
REQUEST_URI=/PMTGateway/index.php?r=merchant/index
in D:\Programming\Server\XAMPP\htdocs\PMTGateway\protected\views\merchant\index.php (14)
in D:\Programming\Server\XAMPP\htdocs\PMTGateway\protected\controllers\MerchantController.php (41)
in D:\Programming\Server\XAMPP\htdocs\PMTGateway\index.php (13)
2013/12/04 16:57:02 [error] [php] Undefined variable: merchat (D:\Programming\Server\XAMPP\htdocs\PMTGateway\protected\views\merchant\index.php:14)
Stack trace:
#0 D:\Programming\Server\XAMPP\htdocs\PMTGateway\framework\web\CController.php(869): MerchantController->renderFile()
#1 D:\Programming\Server\XAMPP\htdocs\PMTGateway\framework\web\CController.php(782): MerchantController->renderPartial()
#2 D:\Programming\Server\XAMPP\htdocs\PMTGateway\protected\controllers\MerchantController.php(41): MerchantController->render()
#3 D:\Programming\Server\XAMPP\htdocs\PMTGateway\framework\web\actions\CInlineAction.php(49): MerchantController->actionIndex()
#4 D:\Programming\Server\XAMPP\htdocs\PMTGateway\framework\web\CController.php(308): CInlineAction->runWithParams()
#5 D:\Programming\Server\XAMPP\htdocs\PMTGateway\framework\web\CController.php(286): MerchantController->runAction()
#6 D:\Programming\Server\XAMPP\htdocs\PMTGateway\framework\web\CController.php(265): MerchantController->runActionWithFilters()
#7 D:\Programming\Server\XAMPP\htdocs\PMTGateway\framework\web\CWebApplication.php(282): MerchantController->run()
#8 D:\Programming\Server\XAMPP\htdocs\PMTGateway\framework\web\CWebApplication.php(141): CWebApplication->runController()
#9 D:\Programming\Server\XAMPP\htdocs\PMTGateway\framework\base\CApplication.php(180): CWebApplication->processRequest()
#10 D:\Programming\Server\XAMPP\htdocs\PMTGateway\index.php(13): CWebApplication->run()
REQUEST_URI=/PMTGateway/index.php?r=merchant/index
in D:\Programming\Server\XAMPP\htdocs\PMTGateway\protected\views\merchant\index.php (14)
in D:\Programming\Server\XAMPP\htdocs\PMTGateway\protected\controllers\MerchantController.php (41)
in D:\Programming\Server\XAMPP\htdocs\PMTGateway\index.php (13)
2013/12/04 16:57:03 [error] [php] Undefined variable: merchat (D:\Programming\Server\XAMPP\htdocs\PMTGateway\protected\views\merchant\index.php:14)
Stack trace:
#0 D:\Programming\Server\XAMPP\htdocs\PMTGateway\framework\web\CController.php(869): MerchantController->renderFile()
#1 D:\Programming\Server\XAMPP\htdocs\PMTGateway\framework\web\CController.php(782): MerchantController->renderPartial()
#2 D:\Programming\Server\XAMPP\htdocs\PMTGateway\protected\controllers\MerchantController.php(41): MerchantController->render()
#3 D:\Programming\Server\XAMPP\htdocs\PMTGateway\framework\web\actions\CInlineAction.php(49): MerchantController->actionIndex()
#4 D:\Programming\Server\XAMPP\htdocs\PMTGateway\framework\web\CController.php(308): CInlineAction->runWithParams()
#5 D:\Programming\Server\XAMPP\htdocs\PMTGateway\framework\web\CController.php(286): MerchantController->runAction()
#6 D:\Programming\Server\XAMPP\htdocs\PMTGateway\framework\web\CController.php(265): MerchantController->runActionWithFilters()
#7 D:\Programming\Server\XAMPP\htdocs\PMTGateway\framework\web\CWebApplication.php(282): MerchantController->run()
#8 D:\Programming\Server\XAMPP\htdocs\PMTGateway\framework\web\CWebApplication.php(141): CWebApplication->runController()
#9 D:\Programming\Server\XAMPP\htdocs\PMTGateway\framework\base\CApplication.php(180): CWebApplication->processRequest()
#10 D:\Programming\Server\XAMPP\htdocs\PMTGateway\index.php(13): CWebApplication->run()
REQUEST_URI=/PMTGateway/index.php?r=merchant/index
in D:\Programming\Server\XAMPP\htdocs\PMTGateway\protected\views\merchant\index.php (14)
in D:\Programming\Server\XAMPP\htdocs\PMTGateway\protected\controllers\MerchantController.php (41)
in D:\Programming\Server\XAMPP\htdocs\PMTGateway\index.php (13)
2013/12/04 16:58:57 [error] [php] Trying to get property of non-object (D:\Programming\Server\XAMPP\htdocs\PMTGateway\protected\views\merchant\index.php:15)
Stack trace:
#0 D:\Programming\Server\XAMPP\htdocs\PMTGateway\framework\web\CController.php(869): MerchantController->renderFile()
#1 D:\Programming\Server\XAMPP\htdocs\PMTGateway\framework\web\CController.php(782): MerchantController->renderPartial()
#2 D:\Programming\Server\XAMPP\htdocs\PMTGateway\protected\controllers\MerchantController.php(41): MerchantController->render()
#3 D:\Programming\Server\XAMPP\htdocs\PMTGateway\framework\web\actions\CInlineAction.php(49): MerchantController->actionIndex()
#4 D:\Programming\Server\XAMPP\htdocs\PMTGateway\framework\web\CController.php(308): CInlineAction->runWithParams()
#5 D:\Programming\Server\XAMPP\htdocs\PMTGateway\framework\web\CController.php(286): MerchantController->runAction()
#6 D:\Programming\Server\XAMPP\htdocs\PMTGateway\framework\web\CController.php(265): MerchantController->runActionWithFilters()
#7 D:\Programming\Server\XAMPP\htdocs\PMTGateway\framework\web\CWebApplication.php(282): MerchantController->run()
#8 D:\Programming\Server\XAMPP\htdocs\PMTGateway\framework\web\CWebApplication.php(141): CWebApplication->runController()
#9 D:\Programming\Server\XAMPP\htdocs\PMTGateway\framework\base\CApplication.php(180): CWebApplication->processRequest()
#10 D:\Programming\Server\XAMPP\htdocs\PMTGateway\index.php(13): CWebApplication->run()
REQUEST_URI=/PMTGateway/index.php?r=merchant/index
in D:\Programming\Server\XAMPP\htdocs\PMTGateway\protected\views\merchant\index.php (15)
in D:\Programming\Server\XAMPP\htdocs\PMTGateway\protected\controllers\MerchantController.php (41)
in D:\Programming\Server\XAMPP\htdocs\PMTGateway\index.php (13)
2013/12/04 16:58:58 [error] [php] Trying to get property of non-object (D:\Programming\Server\XAMPP\htdocs\PMTGateway\protected\views\merchant\index.php:15)
Stack trace:
#0 D:\Programming\Server\XAMPP\htdocs\PMTGateway\framework\web\CController.php(869): MerchantController->renderFile()
#1 D:\Programming\Server\XAMPP\htdocs\PMTGateway\framework\web\CController.php(782): MerchantController->renderPartial()
#2 D:\Programming\Server\XAMPP\htdocs\PMTGateway\protected\controllers\MerchantController.php(41): MerchantController->render()
#3 D:\Programming\Server\XAMPP\htdocs\PMTGateway\framework\web\actions\CInlineAction.php(49): MerchantController->actionIndex()
#4 D:\Programming\Server\XAMPP\htdocs\PMTGateway\framework\web\CController.php(308): CInlineAction->runWithParams()
#5 D:\Programming\Server\XAMPP\htdocs\PMTGateway\framework\web\CController.php(286): MerchantController->runAction()
#6 D:\Programming\Server\XAMPP\htdocs\PMTGateway\framework\web\CController.php(265): MerchantController->runActionWithFilters()
#7 D:\Programming\Server\XAMPP\htdocs\PMTGateway\framework\web\CWebApplication.php(282): MerchantController->run()
#8 D:\Programming\Server\XAMPP\htdocs\PMTGateway\framework\web\CWebApplication.php(141): CWebApplication->runController()
#9 D:\Programming\Server\XAMPP\htdocs\PMTGateway\framework\base\CApplication.php(180): CWebApplication->processRequest()
#10 D:\Programming\Server\XAMPP\htdocs\PMTGateway\index.php(13): CWebApplication->run()
REQUEST_URI=/PMTGateway/index.php?r=merchant/index
in D:\Programming\Server\XAMPP\htdocs\PMTGateway\protected\views\merchant\index.php (15)
in D:\Programming\Server\XAMPP\htdocs\PMTGateway\protected\controllers\MerchantController.php (41)
in D:\Programming\Server\XAMPP\htdocs\PMTGateway\index.php (13)
2013/12/04 16:58:59 [error] [php] Trying to get property of non-object (D:\Programming\Server\XAMPP\htdocs\PMTGateway\protected\views\merchant\index.php:15)
Stack trace:
#0 D:\Programming\Server\XAMPP\htdocs\PMTGateway\framework\web\CController.php(869): MerchantController->renderFile()
#1 D:\Programming\Server\XAMPP\htdocs\PMTGateway\framework\web\CController.php(782): MerchantController->renderPartial()
#2 D:\Programming\Server\XAMPP\htdocs\PMTGateway\protected\controllers\MerchantController.php(41): MerchantController->render()
#3 D:\Programming\Server\XAMPP\htdocs\PMTGateway\framework\web\actions\CInlineAction.php(49): MerchantController->actionIndex()
#4 D:\Programming\Server\XAMPP\htdocs\PMTGateway\framework\web\CController.php(308): CInlineAction->runWithParams()
#5 D:\Programming\Server\XAMPP\htdocs\PMTGateway\framework\web\CController.php(286): MerchantController->runAction()
#6 D:\Programming\Server\XAMPP\htdocs\PMTGateway\framework\web\CController.php(265): MerchantController->runActionWithFilters()
#7 D:\Programming\Server\XAMPP\htdocs\PMTGateway\framework\web\CWebApplication.php(282): MerchantController->run()
#8 D:\Programming\Server\XAMPP\htdocs\PMTGateway\framework\web\CWebApplication.php(141): CWebApplication->runController()
#9 D:\Programming\Server\XAMPP\htdocs\PMTGateway\framework\base\CApplication.php(180): CWebApplication->processRequest()
#10 D:\Programming\Server\XAMPP\htdocs\PMTGateway\index.php(13): CWebApplication->run()
REQUEST_URI=/PMTGateway/index.php?r=merchant/index
in D:\Programming\Server\XAMPP\htdocs\PMTGateway\protected\views\merchant\index.php (15)
in D:\Programming\Server\XAMPP\htdocs\PMTGateway\protected\controllers\MerchantController.php (41)
in D:\Programming\Server\XAMPP\htdocs\PMTGateway\index.php (13)
2013/12/04 17:00:12 [error] [php] Array to string conversion (D:\Programming\Server\XAMPP\htdocs\PMTGateway\protected\views\merchant\index.php:15)
Stack trace:
#0 D:\Programming\Server\XAMPP\htdocs\PMTGateway\framework\web\CController.php(869): MerchantController->renderFile()
#1 D:\Programming\Server\XAMPP\htdocs\PMTGateway\framework\web\CController.php(782): MerchantController->renderPartial()
#2 D:\Programming\Server\XAMPP\htdocs\PMTGateway\protected\controllers\MerchantController.php(41): MerchantController->render()
#3 D:\Programming\Server\XAMPP\htdocs\PMTGateway\framework\web\actions\CInlineAction.php(49): MerchantController->actionIndex()
#4 D:\Programming\Server\XAMPP\htdocs\PMTGateway\framework\web\CController.php(308): CInlineAction->runWithParams()
#5 D:\Programming\Server\XAMPP\htdocs\PMTGateway\framework\web\CController.php(286): MerchantController->runAction()
#6 D:\Programming\Server\XAMPP\htdocs\PMTGateway\framework\web\CController.php(265): MerchantController->runActionWithFilters()
#7 D:\Programming\Server\XAMPP\htdocs\PMTGateway\framework\web\CWebApplication.php(282): MerchantController->run()
#8 D:\Programming\Server\XAMPP\htdocs\PMTGateway\framework\web\CWebApplication.php(141): CWebApplication->runController()
#9 D:\Programming\Server\XAMPP\htdocs\PMTGateway\framework\base\CApplication.php(180): CWebApplication->processRequest()
#10 D:\Programming\Server\XAMPP\htdocs\PMTGateway\index.php(13): CWebApplication->run()
REQUEST_URI=/PMTGateway/index.php?r=merchant/index
in D:\Programming\Server\XAMPP\htdocs\PMTGateway\protected\views\merchant\index.php (15)
in D:\Programming\Server\XAMPP\htdocs\PMTGateway\protected\controllers\MerchantController.php (41)
in D:\Programming\Server\XAMPP\htdocs\PMTGateway\index.php (13)
2013/12/04 17:00:12 [error] [php] Array to string conversion (D:\Programming\Server\XAMPP\htdocs\PMTGateway\protected\views\merchant\index.php:15)
Stack trace:
#0 D:\Programming\Server\XAMPP\htdocs\PMTGateway\framework\web\CController.php(869): MerchantController->renderFile()
#1 D:\Programming\Server\XAMPP\htdocs\PMTGateway\framework\web\CController.php(782): MerchantController->renderPartial()
#2 D:\Programming\Server\XAMPP\htdocs\PMTGateway\protected\controllers\MerchantController.php(41): MerchantController->render()
#3 D:\Programming\Server\XAMPP\htdocs\PMTGateway\framework\web\actions\CInlineAction.php(49): MerchantController->actionIndex()
#4 D:\Programming\Server\XAMPP\htdocs\PMTGateway\framework\web\CController.php(308): CInlineAction->runWithParams()
#5 D:\Programming\Server\XAMPP\htdocs\PMTGateway\framework\web\CController.php(286): MerchantController->runAction()
#6 D:\Programming\Server\XAMPP\htdocs\PMTGateway\framework\web\CController.php(265): MerchantController->runActionWithFilters()
#7 D:\Programming\Server\XAMPP\htdocs\PMTGateway\framework\web\CWebApplication.php(282): MerchantController->run()
#8 D:\Programming\Server\XAMPP\htdocs\PMTGateway\framework\web\CWebApplication.php(141): CWebApplication->runController()
#9 D:\Programming\Server\XAMPP\htdocs\PMTGateway\framework\base\CApplication.php(180): CWebApplication->processRequest()
#10 D:\Programming\Server\XAMPP\htdocs\PMTGateway\index.php(13): CWebApplication->run()
REQUEST_URI=/PMTGateway/index.php?r=merchant/index
in D:\Programming\Server\XAMPP\htdocs\PMTGateway\protected\views\merchant\index.php (15)
in D:\Programming\Server\XAMPP\htdocs\PMTGateway\protected\controllers\MerchantController.php (41)
in D:\Programming\Server\XAMPP\htdocs\PMTGateway\index.php (13)
2013/12/04 17:00:29 [error] [php] Trying to get property of non-object (D:\Programming\Server\XAMPP\htdocs\PMTGateway\protected\views\merchant\index.php:15)
Stack trace:
#0 D:\Programming\Server\XAMPP\htdocs\PMTGateway\framework\web\CController.php(869): MerchantController->renderFile()
#1 D:\Programming\Server\XAMPP\htdocs\PMTGateway\framework\web\CController.php(782): MerchantController->renderPartial()
#2 D:\Programming\Server\XAMPP\htdocs\PMTGateway\protected\controllers\MerchantController.php(41): MerchantController->render()
#3 D:\Programming\Server\XAMPP\htdocs\PMTGateway\framework\web\actions\CInlineAction.php(49): MerchantController->actionIndex()
#4 D:\Programming\Server\XAMPP\htdocs\PMTGateway\framework\web\CController.php(308): CInlineAction->runWithParams()
#5 D:\Programming\Server\XAMPP\htdocs\PMTGateway\framework\web\CController.php(286): MerchantController->runAction()
#6 D:\Programming\Server\XAMPP\htdocs\PMTGateway\framework\web\CController.php(265): MerchantController->runActionWithFilters()
#7 D:\Programming\Server\XAMPP\htdocs\PMTGateway\framework\web\CWebApplication.php(282): MerchantController->run()
#8 D:\Programming\Server\XAMPP\htdocs\PMTGateway\framework\web\CWebApplication.php(141): CWebApplication->runController()
#9 D:\Programming\Server\XAMPP\htdocs\PMTGateway\framework\base\CApplication.php(180): CWebApplication->processRequest()
#10 D:\Programming\Server\XAMPP\htdocs\PMTGateway\index.php(13): CWebApplication->run()
REQUEST_URI=/PMTGateway/index.php?r=merchant/index
in D:\Programming\Server\XAMPP\htdocs\PMTGateway\protected\views\merchant\index.php (15)
in D:\Programming\Server\XAMPP\htdocs\PMTGateway\protected\controllers\MerchantController.php (41)
in D:\Programming\Server\XAMPP\htdocs\PMTGateway\index.php (13)
2013/12/04 17:00:30 [error] [php] Trying to get property of non-object (D:\Programming\Server\XAMPP\htdocs\PMTGateway\protected\views\merchant\index.php:15)
Stack trace:
#0 D:\Programming\Server\XAMPP\htdocs\PMTGateway\framework\web\CController.php(869): MerchantController->renderFile()
#1 D:\Programming\Server\XAMPP\htdocs\PMTGateway\framework\web\CController.php(782): MerchantController->renderPartial()
#2 D:\Programming\Server\XAMPP\htdocs\PMTGateway\protected\controllers\MerchantController.php(41): MerchantController->render()
#3 D:\Programming\Server\XAMPP\htdocs\PMTGateway\framework\web\actions\CInlineAction.php(49): MerchantController->actionIndex()
#4 D:\Programming\Server\XAMPP\htdocs\PMTGateway\framework\web\CController.php(308): CInlineAction->runWithParams()
#5 D:\Programming\Server\XAMPP\htdocs\PMTGateway\framework\web\CController.php(286): MerchantController->runAction()
#6 D:\Programming\Server\XAMPP\htdocs\PMTGateway\framework\web\CController.php(265): MerchantController->runActionWithFilters()
#7 D:\Programming\Server\XAMPP\htdocs\PMTGateway\framework\web\CWebApplication.php(282): MerchantController->run()
#8 D:\Programming\Server\XAMPP\htdocs\PMTGateway\framework\web\CWebApplication.php(141): CWebApplication->runController()
#9 D:\Programming\Server\XAMPP\htdocs\PMTGateway\framework\base\CApplication.php(180): CWebApplication->processRequest()
#10 D:\Programming\Server\XAMPP\htdocs\PMTGateway\index.php(13): CWebApplication->run()
REQUEST_URI=/PMTGateway/index.php?r=merchant/index
in D:\Programming\Server\XAMPP\htdocs\PMTGateway\protected\views\merchant\index.php (15)
in D:\Programming\Server\XAMPP\htdocs\PMTGateway\protected\controllers\MerchantController.php (41)
in D:\Programming\Server\XAMPP\htdocs\PMTGateway\index.php (13)
2013/12/04 17:16:20 [error] [php] Trying to get property of non-object (D:\Programming\Server\XAMPP\htdocs\PMTGateway\protected\views\merchant\index.php:15)
Stack trace:
#0 D:\Programming\Server\XAMPP\htdocs\PMTGateway\framework\web\CController.php(869): MerchantController->renderFile()
#1 D:\Programming\Server\XAMPP\htdocs\PMTGateway\framework\web\CController.php(782): MerchantController->renderPartial()
#2 D:\Programming\Server\XAMPP\htdocs\PMTGateway\protected\controllers\MerchantController.php(42): MerchantController->render()
#3 D:\Programming\Server\XAMPP\htdocs\PMTGateway\framework\web\actions\CInlineAction.php(49): MerchantController->actionIndex()
#4 D:\Programming\Server\XAMPP\htdocs\PMTGateway\framework\web\CController.php(308): CInlineAction->runWithParams()
#5 D:\Programming\Server\XAMPP\htdocs\PMTGateway\framework\web\CController.php(286): MerchantController->runAction()
#6 D:\Programming\Server\XAMPP\htdocs\PMTGateway\framework\web\CController.php(265): MerchantController->runActionWithFilters()
#7 D:\Programming\Server\XAMPP\htdocs\PMTGateway\framework\web\CWebApplication.php(282): MerchantController->run()
#8 D:\Programming\Server\XAMPP\htdocs\PMTGateway\framework\web\CWebApplication.php(141): CWebApplication->runController()
#9 D:\Programming\Server\XAMPP\htdocs\PMTGateway\framework\base\CApplication.php(180): CWebApplication->processRequest()
#10 D:\Programming\Server\XAMPP\htdocs\PMTGateway\index.php(13): CWebApplication->run()
REQUEST_URI=/PMTGateway/index.php?r=merchant/index
in D:\Programming\Server\XAMPP\htdocs\PMTGateway\protected\views\merchant\index.php (15)
in D:\Programming\Server\XAMPP\htdocs\PMTGateway\protected\controllers\MerchantController.php (42)
in D:\Programming\Server\XAMPP\htdocs\PMTGateway\index.php (13)
2013/12/04 17:19:45 [error] [php] Undefined index: value1 (D:\Programming\Server\XAMPP\htdocs\PMTGateway\protected\views\merchant\index.php:15)
Stack trace:
#0 D:\Programming\Server\XAMPP\htdocs\PMTGateway\framework\web\CController.php(869): MerchantController->renderFile()
#1 D:\Programming\Server\XAMPP\htdocs\PMTGateway\framework\web\CController.php(782): MerchantController->renderPartial()
#2 D:\Programming\Server\XAMPP\htdocs\PMTGateway\protected\controllers\MerchantController.php(42): MerchantController->render()
#3 D:\Programming\Server\XAMPP\htdocs\PMTGateway\framework\web\actions\CInlineAction.php(49): MerchantController->actionIndex()
#4 D:\Programming\Server\XAMPP\htdocs\PMTGateway\framework\web\CController.php(308): CInlineAction->runWithParams()
#5 D:\Programming\Server\XAMPP\htdocs\PMTGateway\framework\web\CController.php(286): MerchantController->runAction()
#6 D:\Programming\Server\XAMPP\htdocs\PMTGateway\framework\web\CController.php(265): MerchantController->runActionWithFilters()
#7 D:\Programming\Server\XAMPP\htdocs\PMTGateway\framework\web\CWebApplication.php(282): MerchantController->run()
#8 D:\Programming\Server\XAMPP\htdocs\PMTGateway\framework\web\CWebApplication.php(141): CWebApplication->runController()
#9 D:\Programming\Server\XAMPP\htdocs\PMTGateway\framework\base\CApplication.php(180): CWebApplication->processRequest()
#10 D:\Programming\Server\XAMPP\htdocs\PMTGateway\index.php(13): CWebApplication->run()
REQUEST_URI=/PMTGateway/index.php?r=merchant/index
in D:\Programming\Server\XAMPP\htdocs\PMTGateway\protected\views\merchant\index.php (15)
in D:\Programming\Server\XAMPP\htdocs\PMTGateway\protected\controllers\MerchantController.php (42)
in D:\Programming\Server\XAMPP\htdocs\PMTGateway\index.php (13)
2013/12/04 17:19:46 [error] [php] Undefined index: value1 (D:\Programming\Server\XAMPP\htdocs\PMTGateway\protected\views\merchant\index.php:15)
Stack trace:
#0 D:\Programming\Server\XAMPP\htdocs\PMTGateway\framework\web\CController.php(869): MerchantController->renderFile()
#1 D:\Programming\Server\XAMPP\htdocs\PMTGateway\framework\web\CController.php(782): MerchantController->renderPartial()
#2 D:\Programming\Server\XAMPP\htdocs\PMTGateway\protected\controllers\MerchantController.php(42): MerchantController->render()
#3 D:\Programming\Server\XAMPP\htdocs\PMTGateway\framework\web\actions\CInlineAction.php(49): MerchantController->actionIndex()
#4 D:\Programming\Server\XAMPP\htdocs\PMTGateway\framework\web\CController.php(308): CInlineAction->runWithParams()
#5 D:\Programming\Server\XAMPP\htdocs\PMTGateway\framework\web\CController.php(286): MerchantController->runAction()
#6 D:\Programming\Server\XAMPP\htdocs\PMTGateway\framework\web\CController.php(265): MerchantController->runActionWithFilters()
#7 D:\Programming\Server\XAMPP\htdocs\PMTGateway\framework\web\CWebApplication.php(282): MerchantController->run()
#8 D:\Programming\Server\XAMPP\htdocs\PMTGateway\framework\web\CWebApplication.php(141): CWebApplication->runController()
#9 D:\Programming\Server\XAMPP\htdocs\PMTGateway\framework\base\CApplication.php(180): CWebApplication->processRequest()
#10 D:\Programming\Server\XAMPP\htdocs\PMTGateway\index.php(13): CWebApplication->run()
REQUEST_URI=/PMTGateway/index.php?r=merchant/index
in D:\Programming\Server\XAMPP\htdocs\PMTGateway\protected\views\merchant\index.php (15)
in D:\Programming\Server\XAMPP\htdocs\PMTGateway\protected\controllers\MerchantController.php (42)
in D:\Programming\Server\XAMPP\htdocs\PMTGateway\index.php (13)
2013/12/04 17:46:01 [error] [php] Missing argument 3 for CActiveForm::dropDownList(), called in D:\Programming\Server\XAMPP\htdocs\PMTGateway\protected\views\merchant\index.php on line 22 and defined (D:\Programming\Server\XAMPP\htdocs\PMTGateway\framework\web\widgets\CActiveForm.php:845)
Stack trace:
#0 D:\Programming\Server\XAMPP\htdocs\PMTGateway\framework\web\CBaseController.php(95): MerchantController->renderInternal()
#1 D:\Programming\Server\XAMPP\htdocs\PMTGateway\framework\web\CController.php(869): MerchantController->renderFile()
#2 D:\Programming\Server\XAMPP\htdocs\PMTGateway\framework\web\CController.php(782): MerchantController->renderPartial()
#3 D:\Programming\Server\XAMPP\htdocs\PMTGateway\protected\controllers\MerchantController.php(44): MerchantController->render()
#4 D:\Programming\Server\XAMPP\htdocs\PMTGateway\framework\web\actions\CInlineAction.php(49): MerchantController->actionIndex()
#5 D:\Programming\Server\XAMPP\htdocs\PMTGateway\framework\web\CController.php(308): CInlineAction->runWithParams()
#6 D:\Programming\Server\XAMPP\htdocs\PMTGateway\framework\web\CController.php(286): MerchantController->runAction()
#7 D:\Programming\Server\XAMPP\htdocs\PMTGateway\framework\web\CController.php(265): MerchantController->runActionWithFilters()
#8 D:\Programming\Server\XAMPP\htdocs\PMTGateway\framework\web\CWebApplication.php(282): MerchantController->run()
#9 D:\Programming\Server\XAMPP\htdocs\PMTGateway\framework\web\CWebApplication.php(141): CWebApplication->runController()
#10 D:\Programming\Server\XAMPP\htdocs\PMTGateway\framework\base\CApplication.php(180): CWebApplication->processRequest()
#11 D:\Programming\Server\XAMPP\htdocs\PMTGateway\index.php(13): CWebApplication->run()
REQUEST_URI=/PMTGateway/index.php?r=merchant/index
in D:\Programming\Server\XAMPP\htdocs\PMTGateway\protected\views\merchant\index.php (22)
in D:\Programming\Server\XAMPP\htdocs\PMTGateway\protected\controllers\MerchantController.php (44)
in D:\Programming\Server\XAMPP\htdocs\PMTGateway\index.php (13)
2013/12/04 17:46:30 [error] [php] Undefined variable: merchant (D:\Programming\Server\XAMPP\htdocs\PMTGateway\protected\views\merchant\index.php:27)
Stack trace:
#0 D:\Programming\Server\XAMPP\htdocs\PMTGateway\framework\web\CController.php(869): MerchantController->renderFile()
#1 D:\Programming\Server\XAMPP\htdocs\PMTGateway\framework\web\CController.php(782): MerchantController->renderPartial()
#2 D:\Programming\Server\XAMPP\htdocs\PMTGateway\protected\controllers\MerchantController.php(44): MerchantController->render()
#3 D:\Programming\Server\XAMPP\htdocs\PMTGateway\framework\web\actions\CInlineAction.php(49): MerchantController->actionIndex()
#4 D:\Programming\Server\XAMPP\htdocs\PMTGateway\framework\web\CController.php(308): CInlineAction->runWithParams()
#5 D:\Programming\Server\XAMPP\htdocs\PMTGateway\framework\web\CController.php(286): MerchantController->runAction()
#6 D:\Programming\Server\XAMPP\htdocs\PMTGateway\framework\web\CController.php(265): MerchantController->runActionWithFilters()
#7 D:\Programming\Server\XAMPP\htdocs\PMTGateway\framework\web\CWebApplication.php(282): MerchantController->run()
#8 D:\Programming\Server\XAMPP\htdocs\PMTGateway\framework\web\CWebApplication.php(141): CWebApplication->runController()
#9 D:\Programming\Server\XAMPP\htdocs\PMTGateway\framework\base\CApplication.php(180): CWebApplication->processRequest()
#10 D:\Programming\Server\XAMPP\htdocs\PMTGateway\index.php(13): CWebApplication->run()
REQUEST_URI=/PMTGateway/index.php?r=merchant/index
in D:\Programming\Server\XAMPP\htdocs\PMTGateway\protected\views\merchant\index.php (27)
in D:\Programming\Server\XAMPP\htdocs\PMTGateway\protected\controllers\MerchantController.php (44)
in D:\Programming\Server\XAMPP\htdocs\PMTGateway\index.php (13)
2013/12/04 17:46:31 [error] [php] Undefined variable: merchant (D:\Programming\Server\XAMPP\htdocs\PMTGateway\protected\views\merchant\index.php:27)
Stack trace:
#0 D:\Programming\Server\XAMPP\htdocs\PMTGateway\framework\web\CController.php(869): MerchantController->renderFile()
#1 D:\Programming\Server\XAMPP\htdocs\PMTGateway\framework\web\CController.php(782): MerchantController->renderPartial()
#2 D:\Programming\Server\XAMPP\htdocs\PMTGateway\protected\controllers\MerchantController.php(44): MerchantController->render()
#3 D:\Programming\Server\XAMPP\htdocs\PMTGateway\framework\web\actions\CInlineAction.php(49): MerchantController->actionIndex()
#4 D:\Programming\Server\XAMPP\htdocs\PMTGateway\framework\web\CController.php(308): CInlineAction->runWithParams()
#5 D:\Programming\Server\XAMPP\htdocs\PMTGateway\framework\web\CController.php(286): MerchantController->runAction()
#6 D:\Programming\Server\XAMPP\htdocs\PMTGateway\framework\web\CController.php(265): MerchantController->runActionWithFilters()
#7 D:\Programming\Server\XAMPP\htdocs\PMTGateway\framework\web\CWebApplication.php(282): MerchantController->run()
#8 D:\Programming\Server\XAMPP\htdocs\PMTGateway\framework\web\CWebApplication.php(141): CWebApplication->runController()
#9 D:\Programming\Server\XAMPP\htdocs\PMTGateway\framework\base\CApplication.php(180): CWebApplication->processRequest()
#10 D:\Programming\Server\XAMPP\htdocs\PMTGateway\index.php(13): CWebApplication->run()
REQUEST_URI=/PMTGateway/index.php?r=merchant/index
in D:\Programming\Server\XAMPP\htdocs\PMTGateway\protected\views\merchant\index.php (27)
in D:\Programming\Server\XAMPP\htdocs\PMTGateway\protected\controllers\MerchantController.php (44)
in D:\Programming\Server\XAMPP\htdocs\PMTGateway\index.php (13)
2013/12/04 18:05:00 [error] [system.db.CDbCommand] CDbCommand::() failed: SQLSTATE[42S22]: Column not found: 1054 Unknown column 'IsActived' in 'where clause'. The SQL statement executed was: select ID, ProviderCode, ProviderName from PMTGateway.CP_IntegrationProfile where IsActived = 1.
in D:\Programming\Server\XAMPP\htdocs\PMTGateway\protected\controllers\MerchantController.php (33)
in D:\Programming\Server\XAMPP\htdocs\PMTGateway\index.php (13)
2013/12/04 18:05:00 [error] [exception.CDbException] exception 'CDbException' with message 'CDbCommand failed to execute the SQL statement: SQLSTATE[42S22]: Column not found: 1054 Unknown column 'IsActived' in 'where clause'. The SQL statement executed was: select ID, ProviderCode, ProviderName from PMTGateway.CP_IntegrationProfile where IsActived = 1' in D:\Programming\Server\XAMPP\htdocs\PMTGateway\framework\db\CDbCommand.php:543
Stack trace:
#0 D:\Programming\Server\XAMPP\htdocs\PMTGateway\framework\db\CDbCommand.php(377): CDbCommand->queryInternal('', 0, Array)
#1 D:\Programming\Server\XAMPP\htdocs\PMTGateway\protected\controllers\MerchantController.php(33): CDbCommand->query()
#2 D:\Programming\Server\XAMPP\htdocs\PMTGateway\framework\web\actions\CInlineAction.php(49): MerchantController->actionIndex()
#3 D:\Programming\Server\XAMPP\htdocs\PMTGateway\framework\web\CController.php(308): CInlineAction->runWithParams(Array)
#4 D:\Programming\Server\XAMPP\htdocs\PMTGateway\framework\web\CController.php(286): CController->runAction(Object(CInlineAction))
#5 D:\Programming\Server\XAMPP\htdocs\PMTGateway\framework\web\CController.php(265): CController->runActionWithFilters(Object(CInlineAction), Array)
#6 D:\Programming\Server\XAMPP\htdocs\PMTGateway\framework\web\CWebApplication.php(282): CController->run('index')
#7 D:\Programming\Server\XAMPP\htdocs\PMTGateway\framework\web\CWebApplication.php(141): CWebApplication->runController('merchant/index')
#8 D:\Programming\Server\XAMPP\htdocs\PMTGateway\framework\base\CApplication.php(180): CWebApplication->processRequest()
#9 D:\Programming\Server\XAMPP\htdocs\PMTGateway\index.php(13): CApplication->run()
#10 {main}
REQUEST_URI=/PMTGateway/index.php?r=merchant/index
HTTP_REFERER=http://localhost/PMTGateway/index.php
---
2013/12/04 18:39:21 [error] [php] Undefined offset: 0 (D:\Programming\Server\XAMPP\htdocs\PMTGateway\protected\controllers\MerchantController.php:43)
Stack trace:
#0 D:\Programming\Server\XAMPP\htdocs\PMTGateway\framework\web\CController.php(286): MerchantController->runAction()
#1 D:\Programming\Server\XAMPP\htdocs\PMTGateway\framework\web\CController.php(265): MerchantController->runActionWithFilters()
#2 D:\Programming\Server\XAMPP\htdocs\PMTGateway\framework\web\CWebApplication.php(282): MerchantController->run()
#3 D:\Programming\Server\XAMPP\htdocs\PMTGateway\framework\web\CWebApplication.php(141): CWebApplication->runController()
#4 D:\Programming\Server\XAMPP\htdocs\PMTGateway\framework\base\CApplication.php(180): CWebApplication->processRequest()
#5 D:\Programming\Server\XAMPP\htdocs\PMTGateway\index.php(13): CWebApplication->run()
REQUEST_URI=/PMTGateway/index.php?r=merchant/index
in D:\Programming\Server\XAMPP\htdocs\PMTGateway\protected\controllers\MerchantController.php (43)
in D:\Programming\Server\XAMPP\htdocs\PMTGateway\index.php (13)
2013/12/04 18:41:46 [error] [php] Invalid argument supplied for foreach() (D:\Programming\Server\XAMPP\htdocs\PMTGateway\framework\web\helpers\CHtml.php:2325)
Stack trace:
#0 D:\Programming\Server\XAMPP\htdocs\PMTGateway\protected\views\merchant\index.php(23): CActiveForm->dropDownList()
#1 D:\Programming\Server\XAMPP\htdocs\PMTGateway\framework\web\CBaseController.php(126): require()
#2 D:\Programming\Server\XAMPP\htdocs\PMTGateway\framework\web\CBaseController.php(95): MerchantController->renderInternal()
#3 D:\Programming\Server\XAMPP\htdocs\PMTGateway\framework\web\CController.php(869): MerchantController->renderFile()
#4 D:\Programming\Server\XAMPP\htdocs\PMTGateway\framework\web\CController.php(782): MerchantController->renderPartial()
#5 D:\Programming\Server\XAMPP\htdocs\PMTGateway\protected\controllers\MerchantController.php(48): MerchantController->render()
#6 D:\Programming\Server\XAMPP\htdocs\PMTGateway\framework\web\actions\CInlineAction.php(49): MerchantController->actionIndex()
#7 D:\Programming\Server\XAMPP\htdocs\PMTGateway\framework\web\CController.php(308): CInlineAction->runWithParams()
#8 D:\Programming\Server\XAMPP\htdocs\PMTGateway\framework\web\CController.php(286): MerchantController->runAction()
#9 D:\Programming\Server\XAMPP\htdocs\PMTGateway\framework\web\CController.php(265): MerchantController->runActionWithFilters()
#10 D:\Programming\Server\XAMPP\htdocs\PMTGateway\framework\web\CWebApplication.php(282): MerchantController->run()
#11 D:\Programming\Server\XAMPP\htdocs\PMTGateway\framework\web\CWebApplication.php(141): CWebApplication->runController()
#12 D:\Programming\Server\XAMPP\htdocs\PMTGateway\framework\base\CApplication.php(180): CWebApplication->processRequest()
#13 D:\Programming\Server\XAMPP\htdocs\PMTGateway\index.php(13): CWebApplication->run()
REQUEST_URI=/PMTGateway/index.php?r=merchant/index
in D:\Programming\Server\XAMPP\htdocs\PMTGateway\protected\views\merchant\index.php (23)
in D:\Programming\Server\XAMPP\htdocs\PMTGateway\protected\controllers\MerchantController.php (48)
in D:\Programming\Server\XAMPP\htdocs\PMTGateway\index.php (13)
2013/12/04 18:41:48 [error] [php] Invalid argument supplied for foreach() (D:\Programming\Server\XAMPP\htdocs\PMTGateway\framework\web\helpers\CHtml.php:2325)
Stack trace:
#0 D:\Programming\Server\XAMPP\htdocs\PMTGateway\protected\views\merchant\index.php(23): CActiveForm->dropDownList()
#1 D:\Programming\Server\XAMPP\htdocs\PMTGateway\framework\web\CBaseController.php(126): require()
#2 D:\Programming\Server\XAMPP\htdocs\PMTGateway\framework\web\CBaseController.php(95): MerchantController->renderInternal()
#3 D:\Programming\Server\XAMPP\htdocs\PMTGateway\framework\web\CController.php(869): MerchantController->renderFile()
#4 D:\Programming\Server\XAMPP\htdocs\PMTGateway\framework\web\CController.php(782): MerchantController->renderPartial()
#5 D:\Programming\Server\XAMPP\htdocs\PMTGateway\protected\controllers\MerchantController.php(48): MerchantController->render()
#6 D:\Programming\Server\XAMPP\htdocs\PMTGateway\framework\web\actions\CInlineAction.php(49): MerchantController->actionIndex()
#7 D:\Programming\Server\XAMPP\htdocs\PMTGateway\framework\web\CController.php(308): CInlineAction->runWithParams()
#8 D:\Programming\Server\XAMPP\htdocs\PMTGateway\framework\web\CController.php(286): MerchantController->runAction()
#9 D:\Programming\Server\XAMPP\htdocs\PMTGateway\framework\web\CController.php(265): MerchantController->runActionWithFilters()
#10 D:\Programming\Server\XAMPP\htdocs\PMTGateway\framework\web\CWebApplication.php(282): MerchantController->run()
#11 D:\Programming\Server\XAMPP\htdocs\PMTGateway\framework\web\CWebApplication.php(141): CWebApplication->runController()
#12 D:\Programming\Server\XAMPP\htdocs\PMTGateway\framework\base\CApplication.php(180): CWebApplication->processRequest()
#13 D:\Programming\Server\XAMPP\htdocs\PMTGateway\index.php(13): CWebApplication->run()
REQUEST_URI=/PMTGateway/index.php?r=merchant/index
in D:\Programming\Server\XAMPP\htdocs\PMTGateway\protected\views\merchant\index.php (23)
in D:\Programming\Server\XAMPP\htdocs\PMTGateway\protected\controllers\MerchantController.php (48)
in D:\Programming\Server\XAMPP\htdocs\PMTGateway\index.php (13)
2013/12/04 18:44:33 [error] [php] Undefined variable: key (D:\Programming\Server\XAMPP\htdocs\PMTGateway\protected\controllers\MerchantController.php:47)
Stack trace:
#0 D:\Programming\Server\XAMPP\htdocs\PMTGateway\framework\web\CController.php(286): MerchantController->runAction()
#1 D:\Programming\Server\XAMPP\htdocs\PMTGateway\framework\web\CController.php(265): MerchantController->runActionWithFilters()
#2 D:\Programming\Server\XAMPP\htdocs\PMTGateway\framework\web\CWebApplication.php(282): MerchantController->run()
#3 D:\Programming\Server\XAMPP\htdocs\PMTGateway\framework\web\CWebApplication.php(141): CWebApplication->runController()
#4 D:\Programming\Server\XAMPP\htdocs\PMTGateway\framework\base\CApplication.php(180): CWebApplication->processRequest()
#5 D:\Programming\Server\XAMPP\htdocs\PMTGateway\index.php(13): CWebApplication->run()
REQUEST_URI=/PMTGateway/index.php?r=merchant/index
in D:\Programming\Server\XAMPP\htdocs\PMTGateway\protected\controllers\MerchantController.php (47)
in D:\Programming\Server\XAMPP\htdocs\PMTGateway\index.php (13)
2013/12/04 18:58:01 [error] [php] Trying to get property of non-object (D:\Programming\Server\XAMPP\htdocs\PMTGateway\protected\controllers\MerchantController.php:49)
Stack trace:
#0 D:\Programming\Server\XAMPP\htdocs\PMTGateway\framework\web\CController.php(286): MerchantController->runAction()
#1 D:\Programming\Server\XAMPP\htdocs\PMTGateway\framework\web\CController.php(265): MerchantController->runActionWithFilters()
#2 D:\Programming\Server\XAMPP\htdocs\PMTGateway\framework\web\CWebApplication.php(282): MerchantController->run()
#3 D:\Programming\Server\XAMPP\htdocs\PMTGateway\framework\web\CWebApplication.php(141): CWebApplication->runController()
#4 D:\Programming\Server\XAMPP\htdocs\PMTGateway\framework\base\CApplication.php(180): CWebApplication->processRequest()
#5 D:\Programming\Server\XAMPP\htdocs\PMTGateway\index.php(13): CWebApplication->run()
REQUEST_URI=/PMTGateway/index.php?r=merchant/index
in D:\Programming\Server\XAMPP\htdocs\PMTGateway\protected\controllers\MerchantController.php (49)
in D:\Programming\Server\XAMPP\htdocs\PMTGateway\index.php (13)
2013/12/04 19:09:51 [error] [php] Use of undefined constant MerchantForm - assumed 'MerchantForm' (D:\Programming\Server\XAMPP\htdocs\PMTGateway\protected\controllers\MerchantController.php:36)
Stack trace:
#0 D:\Programming\Server\XAMPP\htdocs\PMTGateway\framework\web\CController.php(286): MerchantController->runAction()
#1 D:\Programming\Server\XAMPP\htdocs\PMTGateway\framework\web\CController.php(265): MerchantController->runActionWithFilters()
#2 D:\Programming\Server\XAMPP\htdocs\PMTGateway\framework\web\CWebApplication.php(282): MerchantController->run()
#3 D:\Programming\Server\XAMPP\htdocs\PMTGateway\framework\web\CWebApplication.php(141): CWebApplication->runController()
#4 D:\Programming\Server\XAMPP\htdocs\PMTGateway\framework\base\CApplication.php(180): CWebApplication->processRequest()
#5 D:\Programming\Server\XAMPP\htdocs\PMTGateway\index.php(13): CWebApplication->run()
REQUEST_URI=/PMTGateway/index.php?r=merchant/load
in D:\Programming\Server\XAMPP\htdocs\PMTGateway\protected\controllers\MerchantController.php (36)
in D:\Programming\Server\XAMPP\htdocs\PMTGateway\index.php (13)
2013/12/04 19:12:44 [error] [php] Use of undefined constant Load - assumed 'Load' (D:\Programming\Server\XAMPP\htdocs\PMTGateway\protected\controllers\MerchantController.php:37)
Stack trace:
#0 D:\Programming\Server\XAMPP\htdocs\PMTGateway\framework\web\CController.php(286): MerchantController->runAction()
#1 D:\Programming\Server\XAMPP\htdocs\PMTGateway\framework\web\CController.php(265): MerchantController->runActionWithFilters()
#2 D:\Programming\Server\XAMPP\htdocs\PMTGateway\framework\web\CWebApplication.php(282): MerchantController->run()
#3 D:\Programming\Server\XAMPP\htdocs\PMTGateway\framework\web\CWebApplication.php(141): CWebApplication->runController()
#4 D:\Programming\Server\XAMPP\htdocs\PMTGateway\framework\base\CApplication.php(180): CWebApplication->processRequest()
#5 D:\Programming\Server\XAMPP\htdocs\PMTGateway\index.php(13): CWebApplication->run()
REQUEST_URI=/PMTGateway/index.php?r=merchant/load
in D:\Programming\Server\XAMPP\htdocs\PMTGateway\protected\controllers\MerchantController.php (37)
in D:\Programming\Server\XAMPP\htdocs\PMTGateway\index.php (13)
2013/12/04 19:17:39 [error] [php] Undefined offset: 0 (D:\Programming\Server\XAMPP\htdocs\PMTGateway\protected\views\merchant\index.php:40)
Stack trace:
#0 D:\Programming\Server\XAMPP\htdocs\PMTGateway\framework\web\CController.php(869): MerchantController->renderFile()
#1 D:\Programming\Server\XAMPP\htdocs\PMTGateway\framework\web\CController.php(782): MerchantController->renderPartial()
#2 D:\Programming\Server\XAMPP\htdocs\PMTGateway\protected\controllers\MerchantController.php(28): MerchantController->render()
#3 D:\Programming\Server\XAMPP\htdocs\PMTGateway\framework\web\actions\CInlineAction.php(49): MerchantController->actionIndex()
#4 D:\Programming\Server\XAMPP\htdocs\PMTGateway\framework\web\CController.php(308): CInlineAction->runWithParams()
#5 D:\Programming\Server\XAMPP\htdocs\PMTGateway\framework\web\CController.php(286): MerchantController->runAction()
#6 D:\Programming\Server\XAMPP\htdocs\PMTGateway\framework\web\CController.php(265): MerchantController->runActionWithFilters()
#7 D:\Programming\Server\XAMPP\htdocs\PMTGateway\framework\web\CWebApplication.php(282): MerchantController->run()
#8 D:\Programming\Server\XAMPP\htdocs\PMTGateway\framework\web\CWebApplication.php(141): CWebApplication->runController()
#9 D:\Programming\Server\XAMPP\htdocs\PMTGateway\framework\base\CApplication.php(180): CWebApplication->processRequest()
#10 D:\Programming\Server\XAMPP\htdocs\PMTGateway\index.php(13): CWebApplication->run()
REQUEST_URI=/PMTGateway/index.php?r=merchant/index
in D:\Programming\Server\XAMPP\htdocs\PMTGateway\protected\views\merchant\index.php (40)
in D:\Programming\Server\XAMPP\htdocs\PMTGateway\protected\controllers\MerchantController.php (28)
in D:\Programming\Server\XAMPP\htdocs\PMTGateway\index.php (13)
2013/12/04 20:23:45 [error] [php] Undefined index: field (D:\Programming\Server\XAMPP\htdocs\PMTGateway\protected\controllers\MerchantController.php:57)
Stack trace:
#0 D:\Programming\Server\XAMPP\htdocs\PMTGateway\framework\web\CController.php(286): MerchantController->runAction()
#1 D:\Programming\Server\XAMPP\htdocs\PMTGateway\framework\web\CController.php(265): MerchantController->runActionWithFilters()
#2 D:\Programming\Server\XAMPP\htdocs\PMTGateway\framework\web\CWebApplication.php(282): MerchantController->run()
#3 D:\Programming\Server\XAMPP\htdocs\PMTGateway\framework\web\CWebApplication.php(141): CWebApplication->runController()
#4 D:\Programming\Server\XAMPP\htdocs\PMTGateway\framework\base\CApplication.php(180): CWebApplication->processRequest()
#5 D:\Programming\Server\XAMPP\htdocs\PMTGateway\index.php(13): CWebApplication->run()
REQUEST_URI=/PMTGateway/index.php?r=merchant/save
in D:\Programming\Server\XAMPP\htdocs\PMTGateway\protected\controllers\MerchantController.php (57)
in D:\Programming\Server\XAMPP\htdocs\PMTGateway\index.php (13)
2013/12/05 01:34:16 [error] [exception.CDbException] exception 'CDbException' with message 'CDbConnection failed to open the DB connection: SQLSTATE[HY000] [1045] Access denied for user 'root'@'localhost' (using password: YES)' in D:\php\xampp\htdocs\PMTGateway\framework\db\CDbConnection.php:382
Stack trace:
#0 D:\php\xampp\htdocs\PMTGateway\framework\db\CDbConnection.php(330): CDbConnection->open()
#1 D:\php\xampp\htdocs\PMTGateway\framework\db\CDbConnection.php(308): CDbConnection->setActive(true)
#2 D:\php\xampp\htdocs\PMTGateway\framework\base\CModule.php(387): CDbConnection->init()
#3 D:\php\xampp\htdocs\PMTGateway\framework\base\CModule.php(103): CModule->getComponent('db')
#4 D:\php\xampp\htdocs\PMTGateway\protected\controllers\MerchantController.php(73): CModule->__get('db')
#5 D:\php\xampp\htdocs\PMTGateway\protected\controllers\MerchantController.php(27): MerchantController->loadMerchant()
#6 D:\php\xampp\htdocs\PMTGateway\framework\web\actions\CInlineAction.php(49): MerchantController->actionIndex()
#7 D:\php\xampp\htdocs\PMTGateway\framework\web\CController.php(308): CInlineAction->runWithParams(Array)
#8 D:\php\xampp\htdocs\PMTGateway\framework\web\CController.php(286): CController->runAction(Object(CInlineAction))
#9 D:\php\xampp\htdocs\PMTGateway\framework\web\CController.php(265): CController->runActionWithFilters(Object(CInlineAction), Array)
#10 D:\php\xampp\htdocs\PMTGateway\framework\web\CWebApplication.php(282): CController->run('index')
#11 D:\php\xampp\htdocs\PMTGateway\framework\web\CWebApplication.php(141): CWebApplication->runController('merchant/index')
#12 D:\php\xampp\htdocs\PMTGateway\framework\base\CApplication.php(180): CWebApplication->processRequest()
#13 D:\php\xampp\htdocs\PMTGateway\index.php(13): CApplication->run()
#14 {main}
REQUEST_URI=/PMTGateway/index.php?r=merchant/index
HTTP_REFERER=http://localhost:8080/PMTGateway/index.php
---
2013/12/05 02:00:04 [error] [php] Use of undefined constant value - assumed 'value' (D:\php\xampp\htdocs\PMTGateway\protected\controllers\MerchantController.php:102)
Stack trace:
#0 D:\php\xampp\htdocs\PMTGateway\framework\web\CController.php(308): CInlineAction->runWithParams()
#1 D:\php\xampp\htdocs\PMTGateway\framework\web\CController.php(286): MerchantController->runAction()
#2 D:\php\xampp\htdocs\PMTGateway\framework\web\CController.php(265): MerchantController->runActionWithFilters()
#3 D:\php\xampp\htdocs\PMTGateway\framework\web\CWebApplication.php(282): MerchantController->run()
#4 D:\php\xampp\htdocs\PMTGateway\framework\web\CWebApplication.php(141): CWebApplication->runController()
#5 D:\php\xampp\htdocs\PMTGateway\framework\base\CApplication.php(180): CWebApplication->processRequest()
#6 D:\php\xampp\htdocs\PMTGateway\index.php(13): CWebApplication->run()
REQUEST_URI=/PMTGateway/index.php?r=merchant/save
in D:\php\xampp\htdocs\PMTGateway\protected\controllers\MerchantController.php (102)
in D:\php\xampp\htdocs\PMTGateway\protected\controllers\MerchantController.php (62)
in D:\php\xampp\htdocs\PMTGateway\index.php (13)
2013/12/05 02:00:31 [error] [system.db.CDbCommand] CDbCommand::execute() failed: SQLSTATE[42S02]: Base table or view not found: 1146 Table 'pmtgateway.cp_integrationfield' doesn't exist. The SQL statement executed was: insert into PMTGateway.CP_IntegrationField (ProfileID, IsActive, IsRequired, DisplayName, Value) values (:profileId, 1, 1, :name, :value).
in D:\php\xampp\htdocs\PMTGateway\protected\controllers\MerchantController.php (103)
in D:\php\xampp\htdocs\PMTGateway\protected\controllers\MerchantController.php (62)
in D:\php\xampp\htdocs\PMTGateway\index.php (13)
2013/12/05 02:00:31 [error] [exception.CDbException] exception 'CDbException' with message 'CDbCommand failed to execute the SQL statement: SQLSTATE[42S02]: Base table or view not found: 1146 Table 'pmtgateway.cp_integrationfield' doesn't exist. The SQL statement executed was: insert into PMTGateway.CP_IntegrationField (ProfileID, IsActive, IsRequired, DisplayName, Value) values (:profileId, 1, 1, :name, :value)' in D:\php\xampp\htdocs\PMTGateway\framework\db\CDbCommand.php:358
Stack trace:
#0 D:\php\xampp\htdocs\PMTGateway\protected\controllers\MerchantController.php(103): CDbCommand->execute()
#1 D:\php\xampp\htdocs\PMTGateway\protected\controllers\MerchantController.php(62): MerchantController->saveMerchant('1', Array)
#2 D:\php\xampp\htdocs\PMTGateway\framework\web\actions\CInlineAction.php(49): MerchantController->actionSave()
#3 D:\php\xampp\htdocs\PMTGateway\framework\web\CController.php(308): CInlineAction->runWithParams(Array)
#4 D:\php\xampp\htdocs\PMTGateway\framework\web\CController.php(286): CController->runAction(Object(CInlineAction))
#5 D:\php\xampp\htdocs\PMTGateway\framework\web\CController.php(265): CController->runActionWithFilters(Object(CInlineAction), Array)
#6 D:\php\xampp\htdocs\PMTGateway\framework\web\CWebApplication.php(282): CController->run('save')
#7 D:\php\xampp\htdocs\PMTGateway\framework\web\CWebApplication.php(141): CWebApplication->runController('merchant/save')
#8 D:\php\xampp\htdocs\PMTGateway\framework\base\CApplication.php(180): CWebApplication->processRequest()
#9 D:\php\xampp\htdocs\PMTGateway\index.php(13): CApplication->run()
#10 {main}
REQUEST_URI=/PMTGateway/index.php?r=merchant/save
HTTP_REFERER=http://localhost:8080/PMTGateway/index.php?r=merchant/index
---
2013/12/05 02:08:06 [error] [system.db.CDbCommand] CDbCommand::() failed: SQLSTATE[42000]: Syntax error or access violation: 1064 You have an error in your SQL syntax; check the manual that corresponds to your MySQL server version for the right syntax to use near '.CP_IntegrationFields where ProfileId = '1')' at line 1. The SQL statement executed was: select DisplayName, Value PMTGateway.CP_IntegrationFields where ProfileId = :profileId).
in D:\php\xampp\htdocs\PMTGateway\protected\controllers\MerchantController.php (99)
in D:\php\xampp\htdocs\PMTGateway\protected\controllers\MerchantController.php (42)
in D:\php\xampp\htdocs\PMTGateway\index.php (13)
2013/12/05 02:08:06 [error] [exception.CDbException] exception 'CDbException' with message 'CDbCommand failed to execute the SQL statement: SQLSTATE[42000]: Syntax error or access violation: 1064 You have an error in your SQL syntax; check the manual that corresponds to your MySQL server version for the right syntax to use near '.CP_IntegrationFields where ProfileId = '1')' at line 1. The SQL statement executed was: select DisplayName, Value PMTGateway.CP_IntegrationFields where ProfileId = :profileId)' in D:\php\xampp\htdocs\PMTGateway\framework\db\CDbCommand.php:543
Stack trace:
#0 D:\php\xampp\htdocs\PMTGateway\framework\db\CDbCommand.php(377): CDbCommand->queryInternal('', 0, Array)
#1 D:\php\xampp\htdocs\PMTGateway\protected\controllers\MerchantController.php(99): CDbCommand->query()
#2 D:\php\xampp\htdocs\PMTGateway\protected\controllers\MerchantController.php(42): MerchantController->loadField('1')
#3 D:\php\xampp\htdocs\PMTGateway\framework\web\actions\CInlineAction.php(49): MerchantController->actionLoad()
#4 D:\php\xampp\htdocs\PMTGateway\framework\web\CController.php(308): CInlineAction->runWithParams(Array)
#5 D:\php\xampp\htdocs\PMTGateway\framework\web\CController.php(286): CController->runAction(Object(CInlineAction))
#6 D:\php\xampp\htdocs\PMTGateway\framework\web\CController.php(265): CController->runActionWithFilters(Object(CInlineAction), Array)
#7 D:\php\xampp\htdocs\PMTGateway\framework\web\CWebApplication.php(282): CController->run('load')
#8 D:\php\xampp\htdocs\PMTGateway\framework\web\CWebApplication.php(141): CWebApplication->runController('merchant/load')
#9 D:\php\xampp\htdocs\PMTGateway\framework\base\CApplication.php(180): CWebApplication->processRequest()
#10 D:\php\xampp\htdocs\PMTGateway\index.php(13): CApplication->run()
#11 {main}
REQUEST_URI=/PMTGateway/index.php?r=merchant/load
HTTP_REFERER=http://localhost:8080/PMTGateway/index.php?r=merchant/index
---
2013/12/05 02:08:51 [error] [system.db.CDbCommand] CDbCommand::() failed: SQLSTATE[42000]: Syntax error or access violation: 1064 You have an error in your SQL syntax; check the manual that corresponds to your MySQL server version for the right syntax to use near ')' at line 1. The SQL statement executed was: select DisplayName, Value from PMTGateway.CP_IntegrationFields where ProfileId = :profileId).
in D:\php\xampp\htdocs\PMTGateway\protected\controllers\MerchantController.php (99)
in D:\php\xampp\htdocs\PMTGateway\protected\controllers\MerchantController.php (42)
in D:\php\xampp\htdocs\PMTGateway\index.php (13)
2013/12/05 02:08:51 [error] [exception.CDbException] exception 'CDbException' with message 'CDbCommand failed to execute the SQL statement: SQLSTATE[42000]: Syntax error or access violation: 1064 You have an error in your SQL syntax; check the manual that corresponds to your MySQL server version for the right syntax to use near ')' at line 1. The SQL statement executed was: select DisplayName, Value from PMTGateway.CP_IntegrationFields where ProfileId = :profileId)' in D:\php\xampp\htdocs\PMTGateway\framework\db\CDbCommand.php:543
Stack trace:
#0 D:\php\xampp\htdocs\PMTGateway\framework\db\CDbCommand.php(377): CDbCommand->queryInternal('', 0, Array)
#1 D:\php\xampp\htdocs\PMTGateway\protected\controllers\MerchantController.php(99): CDbCommand->query()
#2 D:\php\xampp\htdocs\PMTGateway\protected\controllers\MerchantController.php(42): MerchantController->loadField('1')
#3 D:\php\xampp\htdocs\PMTGateway\framework\web\actions\CInlineAction.php(49): MerchantController->actionLoad()
#4 D:\php\xampp\htdocs\PMTGateway\framework\web\CController.php(308): CInlineAction->runWithParams(Array)
#5 D:\php\xampp\htdocs\PMTGateway\framework\web\CController.php(286): CController->runAction(Object(CInlineAction))
#6 D:\php\xampp\htdocs\PMTGateway\framework\web\CController.php(265): CController->runActionWithFilters(Object(CInlineAction), Array)
#7 D:\php\xampp\htdocs\PMTGateway\framework\web\CWebApplication.php(282): CController->run('load')
#8 D:\php\xampp\htdocs\PMTGateway\framework\web\CWebApplication.php(141): CWebApplication->runController('merchant/load')
#9 D:\php\xampp\htdocs\PMTGateway\framework\base\CApplication.php(180): CWebApplication->processRequest()
#10 D:\php\xampp\htdocs\PMTGateway\index.php(13): CApplication->run()
#11 {main}
REQUEST_URI=/PMTGateway/index.php?r=merchant/load
HTTP_REFERER=http://localhost:8080/PMTGateway/index.php?r=merchant/index
---
2013/12/05 03:57:19 [error] [php] Undefined offset: 1 (D:\php\xampp\htdocs\PMTGateway\protected\views\merchant\index.php:54)
Stack trace:
#0 D:\php\xampp\htdocs\PMTGateway\framework\web\CController.php(869): MerchantController->renderFile()
#1 D:\php\xampp\htdocs\PMTGateway\framework\web\CController.php(782): MerchantController->renderPartial()
#2 D:\php\xampp\htdocs\PMTGateway\protected\controllers\MerchantController.php(73): MerchantController->render()
#3 D:\php\xampp\htdocs\PMTGateway\framework\web\actions\CInlineAction.php(49): MerchantController->actionSave()
#4 D:\php\xampp\htdocs\PMTGateway\framework\web\CController.php(308): CInlineAction->runWithParams()
#5 D:\php\xampp\htdocs\PMTGateway\framework\web\CController.php(286): MerchantController->runAction()
#6 D:\php\xampp\htdocs\PMTGateway\framework\web\CController.php(265): MerchantController->runActionWithFilters()
#7 D:\php\xampp\htdocs\PMTGateway\framework\web\CWebApplication.php(282): MerchantController->run()
#8 D:\php\xampp\htdocs\PMTGateway\framework\web\CWebApplication.php(141): CWebApplication->runController()
#9 D:\php\xampp\htdocs\PMTGateway\framework\base\CApplication.php(180): CWebApplication->processRequest()
#10 D:\php\xampp\htdocs\PMTGateway\index.php(13): CWebApplication->run()
REQUEST_URI=/PMTGateway/index.php?r=merchant/save
in D:\php\xampp\htdocs\PMTGateway\protected\views\merchant\index.php (54)
in D:\php\xampp\htdocs\PMTGateway\protected\controllers\MerchantController.php (73)
in D:\php\xampp\htdocs\PMTGateway\index.php (13)
